Log file open, 03/26/24 01:16:43
LogPakFile: Display: Found Pak file ../../../Engine/Programs/CrashReportClient/Content/Paks/CrashReportClient.pak attempting to mount.
LogPakFile: Display: Mounting pak file ../../../Engine/Programs/CrashReportClient/Content/Paks/CrashReportClient.pak.
LogPakFile: Display: Mounted Pak file '../../../Engine/Programs/CrashReportClient/Content/Paks/CrashReportClient.pak', mount point: '../../../Engine/'
LogICUInternationalization: ICU TimeZone Detection - Raw Offset: +9:00, Platform Override: ''
LogInit: Build: ++UE5+Release-5.1-CL-0
LogInit: Engine Version: 5.1.1-0+++UE5+Release-5.1
LogInit: Compatible Engine Version: 5.1.0-0+++UE5+Release-5.1
LogInit: Net CL: 0
LogInit: OS: CentOS Stream 9 (5.14.0-412.el9.x86_64), CPU: Intel Xeon Processor (Icelake), GPU: UnknownVendor PCI-id: 1234-1111 (1af4-1100)
LogInit: Compiled (64-bit): Feb 12 2024 05:48:59
LogInit: Compiled with Clang: 13.0.1 (https://github.com/llvm/llvm-project 75e33f71c2dae584b13a7d1186ae0a038ba98838)
LogInit: Build Configuration: Shipping
LogInit: Branch Name: ++UE5+Release-5.1
LogInit: Command Line:  -Abslog="/home/steam/Steam/steamapps/common/PalServer/Pal/Saved/Logs/Pal-CRC.log" -Unattended -ImplicitSend "/home/steam/Steam/steamapps/common/PalServer/Pal/Saved/Crashes/crashinfo-Pal-pid-32862-744DAE1BABC941A6ADD7D95DB7718850/" -unattended
LogInit: Base Directory: /home/steam/Steam/steamapps/common/PalServer/Engine/Binaries/Linux/
LogInit: Allocator: Mimalloc
LogInit: Installed Engine Build: 1
LogInit: Presizing for max 100000 objects, including 0 objects not considered by GC, pre-allocating 0 bytes for permanent pool.
LogInit: Object subsystem initialized
LogConfig: Applying CVar settings from Section [ConsoleVariables] File [Engine]
[2024.03.25-16.16.57:984][  0]LogInit: Unix hardware info:
[2024.03.25-16.16.58:749][  0]LogInit:  - we are the first instance of this executable
[2024.03.25-16.16.58:856][  0]LogInit:  - this process' id (pid) is 34462, parent process' id (ppid) is 32862
[2024.03.25-16.16.58:856][  0]LogInit:  - we are not running under debugger
[2024.03.25-16.16.58:860][  0]LogInit:  - machine network name is 'vm-21068fbb-1b.novalocal'
[2024.03.25-16.16.59:082][  0]LogInit:  - user name is 'steam' (steam)
[2024.03.25-16.16.59:107][  0]LogInit:  - we're logged in locally
[2024.03.25-16.16.59:465][  0]LogInit:  - we're running with rendering
[2024.03.25-16.17.00:022][  0]LogInit:  - CPU: GenuineIntel 'Intel Xeon Processor (Icelake)' (signature: 0x80660)
[2024.03.25-16.17.00:120][  0]LogInit:  - Number of physical cores available for the process: 6
[2024.03.25-16.17.02:133][  0]LogInit:  - Number of logical cores available for the process: 6
[2024.03.25-16.17.03:411][  0]LogInit:  - Cache line size: 64
[2024.03.25-16.17.04:186][  0]LogInit:  - GPU Brand Info: UnknownVendor PCI-id: 1234-1111 (1af4-1100)
[2024.03.25-16.17.05:844][  0]LogInit:  - Memory allocator used: Mimalloc
[2024.03.25-16.17.06:238][  0]LogInit:  - This binary is optimized with LTO: no, PGO: no, instrumented for PGO data collection: no
[2024.03.25-16.17.06:698][  0]LogInit:  - This is an internal build.
[2024.03.25-16.17.09:248][  0]LogCore: Skipped benchmarking clocks because the engine is running in a standalone program mode - CLOCK_MONOTONIC will be used.
[2024.03.25-16.17.11:696][  0]LogInit: Unix-specific commandline switches:
[2024.03.25-16.17.11:775][  0]LogInit:  -ansimalloc - use malloc()/free() from libc (useful for tools like valgrind and electric fence)
[2024.03.25-16.17.11:791][  0]LogInit:  -jemalloc - use jemalloc for all memory allocation
[2024.03.25-16.17.11:791][  0]LogInit:  -binnedmalloc - use binned malloc  for all memory allocation
[2024.03.25-16.17.11:791][  0]LogInit:  -filemapcachesize=NUMBER - set the size for case-sensitive file mapping cache
[2024.03.25-16.17.11:791][  0]LogInit:  -useksm - uses kernel same-page mapping (KSM) for mapped memory (OFF)
[2024.03.25-16.17.11:791][  0]LogInit:  -ksmmergeall - marks all mmap'd memory pages suitable for KSM (OFF)
[2024.03.25-16.17.11:791][  0]LogInit:  -preloadmodulesymbols - Loads the main module symbols file into memory (OFF)
[2024.03.25-16.17.11:791][  0]LogInit:  -sigdfl=SIGNAL - Allows a specific signal to be set to its default handler rather then ignoring the signal
[2024.03.25-16.17.11:791][  0]LogInit:  -crashhandlerstacksize - Allows setting crash handler stack sizes (204800)
[2024.03.25-16.17.11:791][  0]LogInit:  -noexclusivelockonwrite - disables marking files created by the engine as exclusive locked while the engine has them opened
[2024.03.25-16.17.11:791][  0]LogInit:  -httpproxy=ADDRESS:PORT - redirects HTTP requests to a proxy (only supported if compiled with libcurl)
[2024.03.25-16.17.11:791][  0]LogInit:  -reuseconn - allow libcurl to reuse HTTP connections (only matters if compiled with libcurl)
[2024.03.25-16.17.11:791][  0]LogInit:  -virtmemkb=NUMBER - sets process virtual memory (address space) limit (overrides VirtualMemoryLimitInKB value from .ini)
[2024.03.25-16.17.11:791][  0]LogInit:  - Physical RAM available (not considering process quota): 8 GB (7682 MB, 7867068 KB, 8055877632 bytes)
[2024.03.25-16.17.11:791][  0]LogInit:  - VirtualMemoryAllocator pools will grow at scale 1.4
[2024.03.25-16.17.11:791][  0]LogInit:  - MemoryRangeDecommit() will be a no-op (re-run with -vmapoolevict to change)
[2024.03.25-16.17.11:791][  0]LogInit:  - PageSize 4096
[2024.03.25-16.17.11:791][  0]LogInit:  - BinnedPageSize 65536
[2024.03.25-16.20.27:596][  0]LogUObjectArray: 419 objects as part of root set at end of initial load.
[2024.03.25-16.20.28:164][  0]LogUObjectAllocator: 89064 out of 0 bytes used by permanent object pool.
[2024.03.25-16.20.28:534][  0]LogUObjectArray: CloseDisregardForGC: 0/0 objects in disregard for GC pool
[2024.03.25-16.20.28:671][  0]LogPaths: Warning: No paths for game localization data were specifed in the game configuration.
[2024.03.25-16.20.28:925][  0]LogInit: Using OS detected language (en-US).
[2024.03.25-16.20.28:942][  0]LogInit: Using OS detected locale (en-US).
[2024.03.25-16.20.28:948][  0]LogInit: Warning: No paths for engine localization data were specifed in the engine configuration.
[2024.03.25-16.20.29:815][  0]LogTextLocalizationManager: No localization for 'en-US' exists, so 'en' will be used for the language.
[2024.03.25-16.20.30:975][  0]LogTextLocalizationManager: No localization for 'en-US' exists, so 'en' will be used for the locale.
[2024.03.25-16.20.40:505][  0]LogInit: Using OS detected language (en-US).
[2024.03.25-16.20.42:715][  0]LogInit: Using OS detected locale (en-US).
[2024.03.25-16.20.43:428][  0]LogTextLocalizationManager: No localization for 'en-US' exists, so 'en' will be used for the language.
[2024.03.25-16.20.43:428][  0]LogTextLocalizationManager: No localization for 'en-US' exists, so 'en' will be used for the locale.
[2024.03.25-16.20.43:949][  0]LogPackageLocalizationCache: Processed 2 localized package path(s) for 1 prioritized culture(s) in 0.336821 seconds
[2024.03.25-16.20.45:451][  0]CrashReportCoreLog: CrashReportClientVersion=1.0
[2024.03.25-16.20.45:692][  0]CrashReportCoreLog: CrashReportReceiver disabled
[2024.03.25-16.20.47:798][  0]CrashReportCoreLog: DataRouterUrl: https://o1291919.ingest.sentry.io/api/6513339/unreal/4a1a3921f51f4975b4cf8dd19022cb20/
[2024.03.25-16.21.00:448][  0]CrashReportCoreLog: Initial state = Unknown UploadState value
[2024.03.25-16.21.02:045][  0]CrashReportCoreLog: Initial state = Unknown UploadState value
[2024.03.25-16.21.02:643][  0]LogCrashDebugHelper: DepotName: //UE5/Release-5.1
[2024.03.25-16.21.02:700][  0]LogCrashDebugHelper: BuiltFromCL: 0
[2024.03.25-16.21.02:701][  0]LogCrashDebugHelper: EngineVersion: 5.1.1-0+++UE5+Release-5.1
[2024.03.25-16.21.02:701][  0]LogCrashDebugHelper: BuildVersion: ++UE5+Release-5.1-CL-0
[2024.03.25-16.21.08:147][  0]CrashReportCoreLog: Got 3 pending files to upload from 'crashinfo-Pal-pid-32862-744DAE1BABC941A6ADD7D95DB7718850'
[2024.03.25-16.21.08:158][  0]CrashReportCoreLog: State change from Ready to SendingFiles
[2024.03.25-16.21.08:158][  0]CrashReportCoreLog: CompressAndSendData have 3 pending files
[2024.03.25-16.21.08:168][  0]CrashReportCoreLog: CompressAndSendData compressing 152 bytes ('/home/steam/Steam/steamapps/common/PalServer/Pal/Saved/Crashes/crashinfo-Pal-pid-32862-744DAE1BABC941A6ADD7D95DB7718850/CrashReportClient.ini')
[2024.03.25-16.21.08:173][  0]CrashReportCoreLog: CompressAndSendData compressing 6190 bytes ('/home/steam/Steam/steamapps/common/PalServer/Pal/Saved/Crashes/crashinfo-Pal-pid-32862-744DAE1BABC941A6ADD7D95DB7718850/CrashContext.runtime-xml')
[2024.03.25-16.21.08:179][  0]CrashReportCoreLog: CompressAndSendData compressing 348 bytes ('/home/steam/Steam/steamapps/common/PalServer/Pal/Saved/Crashes/crashinfo-Pal-pid-32862-744DAE1BABC941A6ADD7D95DB7718850/Diagnostics.txt')
[2024.03.25-16.40.16:763][  0]LogInit: Using libcurl 7.83.1
[2024.03.25-16.40.19:197][  0]LogInit:  - built for Linux
[2024.03.25-16.40.22:002][  0]LogInit:  - supports SSL with OpenSSL/1.1.1n
[2024.03.25-16.40.24:716][  0]LogInit:  - supports HTTP deflate (compression) using libz 1.2.12
[2024.03.25-16.40.26:414][  0]LogInit:  - other features:
[2024.03.25-16.40.31:685][  0]LogInit:      CURL_VERSION_SSL
[2024.03.25-16.40.33:706][  0]LogInit:      CURL_VERSION_LIBZ
[2024.03.25-16.40.36:044][  0]LogInit:      CURL_VERSION_IPV6
[2024.03.25-16.40.41:076][  0]LogInit:      CURL_VERSION_ASYNCHDNS
[2024.03.25-16.40.44:829][  0]LogInit:      CURL_VERSION_LARGEFILE
[2024.03.25-16.40.44:968][  0]LogInit:  CurlRequestOptions (configurable via config and command line):
[2024.03.25-16.40.45:100][  0]LogInit:  - bVerifyPeer = false  - Libcurl will NOT verify peer certificate
[2024.03.25-16.40.45:100][  0]LogInit:  - bUseHttpProxy = false  - Libcurl will NOT use HTTP proxy
[2024.03.25-16.40.45:100][  0]LogInit:  - bDontReuseConnections = false  - Libcurl will reuse connections
[2024.03.25-16.40.45:100][  0]LogInit:  - MaxHostConnections = 16  - Libcurl will limit the number of connections to a host
[2024.03.25-16.40.45:100][  0]LogInit:  - LocalHostAddr = Default
[2024.03.25-16.40.45:100][  0]LogInit:  - BufferSize = 65536
[2024.03.25-16.40.54:585][  0]CrashReportCoreLog: Sending HTTP request: https://o1291919.ingest.sentry.io/api/6513339/unreal/4a1a3921f51f4975b4cf8dd19022cb20/?AppID=CrashReporter&AppVersion=5.1.1-0%2B%2B%2BUE5%2BRelease-5.1&AppEnvironment=Release&UploadType=crashreports&UserID=90795fef71cd4c0a9c20ccef52321f42-000003e8%7C%7C90795fef71cd4c0a9c20ccef52321f42
[2024.03.25-16.42.23:467][  0]CrashReportCoreLog: Final state (Receiver) = SendingFiles
[2024.03.25-16.42.28:650][  0]CrashReportCoreLog: Final state (Receiver) = Unknown UploadState value
[2024.03.25-16.42.35:688][  0]LogCore: Engine exit requested (reason: CrashReportClientApp RequestExit; note: exit was already requested)
[2024.03.25-16.42.35:688][  0]LogExit: Preparing to exit.
[2024.03.25-16.43.55:434][  0]LogExit: Object subsystem successfully closed.
[2024.03.25-16.44.06:451][  0]LogModuleManager: Shutting down and abandoning module HTTP (12)
[2024.03.25-16.44.11:182][  0]LogHttp: Warning: 0x6c350fe4b00: invalid HTTP response code received. URL: https://o1291919.ingest.sentry.io/api/6513339/unreal/4a1a3921f51f4975b4cf8dd19022cb20/?AppID=CrashReporter&AppVersion=5.1.1-0%2B%2B%2BUE5%2BRelease-5.1&AppEnvironment=Release&UploadType=crashreports&UserID=90795fef71cd4c0a9c20ccef52321f42-000003e8%7C%7C90795fef71cd4c0a9c20ccef52321f42, HTTP code: 0, content length: 0, actual payload size: 0
[2024.03.25-16.44.16:604][  0]LogHttp: Warning: 0x6c350fe4b00: request failed, libcurl error: 35 (SSL connect error)
[2024.03.25-16.44.16:638][  0]LogHttp: Warning: 0x6c350fe4b00: libcurl info message cache 0 (  Trying 34.120.195.249:443...)
[2024.03.25-16.44.16:641][  0]LogHttp: Warning: 0x6c350fe4b00: libcurl info message cache 1 (Connected to o1291919.ingest.sentry.io (34.120.195.249) port 443 (#0))
[2024.03.25-16.44.16:651][  0]LogHttp: Warning: 0x6c350fe4b00: libcurl info message cache 2 (ALPN: offers http/1.1)
[2024.03.25-16.44.16:651][  0]LogHttp: Warning: 0x6c350fe4b00: libcurl info message cache 3 (TLSv1.3 (OUT), TLS handshake, Client hello (1):)
[2024.03.25-16.44.16:651][  0]LogHttp: Warning: 0x6c350fe4b00: libcurl info message cache 4 (OpenSSL SSL_connect: SSL_ERROR_SYSCALL in connection to o1291919.ingest.sentry.io:443 )
[2024.03.25-16.44.16:651][  0]LogHttp: Warning: 0x6c350fe4b00: libcurl info message cache 5 (Closing connection 0)
[2024.03.25-16.44.25:842][  0]LogModuleManager: Shutting down and abandoning module SSL (11)
[2024.03.25-16.44.28:371][  0]LogModuleManager: Shutting down and abandoning module CrashDebugHelper (8)
[2024.03.25-16.44.29:151][  0]LogModuleManager: Shutting down and abandoning module CoreUObject (6)
[2024.03.25-16.44.32:013][  0]LogModuleManager: Shutting down and abandoning module PakFile (4)
[2024.03.25-16.44.32:473][  0]LogModuleManager: Shutting down and abandoning module RSA (3)
[2024.03.25-16.44.54:323][  0]LogExit: Exiting.
[2024.03.25-16.44.57:550][  0]LogCore: FUnixPlatformMisc::RequestExit(bForce=false, ReturnCode=143)
[2024.03.25-16.45.21:060][  0]Log file closed, 03/26/24 01:45:19
