Log file open, 02/11/24 08:34:08
LogPakFile: Display: Found Pak file ../../../Engine/Programs/CrashReportClient/Content/Paks/CrashReportClient.pak attempting to mount.
LogPakFile: Display: Mounting pak file ../../../Engine/Programs/CrashReportClient/Content/Paks/CrashReportClient.pak.
LogPakFile: Display: Mounted Pak file '../../../Engine/Programs/CrashReportClient/Content/Paks/CrashReportClient.pak', mount point: '../../../Engine/'
LogICUInternationalization: ICU TimeZone Detection - Raw Offset: +9:00, Platform Override: ''
LogInit: Build: ++UE5+Release-5.1-CL-0
LogInit: Engine Version: 5.1.1-0+++UE5+Release-5.1
LogInit: Compatible Engine Version: 5.1.0-0+++UE5+Release-5.1
LogInit: Net CL: 0
LogInit: OS: CentOS Stream 9 (5.14.0-354.el9.x86_64), CPU: Intel Xeon Processor (Icelake), GPU: UnknownVendor PCI-id: 1234-1111 (1af4-1100)
LogInit: Compiled (64-bit): Dec 31 2023 20:12:22
LogInit: Compiled with Clang: 13.0.1 (https://github.com/llvm/llvm-project 75e33f71c2dae584b13a7d1186ae0a038ba98838)
LogInit: Build Configuration: Shipping
LogInit: Branch Name: ++UE5+Release-5.1
LogInit: Command Line:  -Abslog="/home/steam/Steam/steamapps/common/PalServer/Pal/Saved/Logs/Pal-CRC.log" -Unattended -ImplicitSend "/home/steam/Steam/steamapps/common/PalServer/Pal/Saved/Crashes/crashinfo-Pal-pid-111901-183DB414AEC1491C9C24689846D903EF/" -unattended
LogInit: Base Directory: /home/steam/Steam/steamapps/common/PalServer/Engine/Binaries/Linux/
LogInit: Allocator: Mimalloc
LogInit: Installed Engine Build: 1
LogInit: Presizing for max 100000 objects, including 0 objects not considered by GC, pre-allocating 0 bytes for permanent pool.
LogInit: Object subsystem initialized
LogConfig: Applying CVar settings from Section [ConsoleVariables] File [Engine]
[2024.02.10-23.36.37:156][  0]LogInit: Unix hardware info:
[2024.02.10-23.36.39:222][  0]LogInit:  - we are the first instance of this executable
[2024.02.10-23.36.41:014][  0]LogInit:  - this process' id (pid) is 112187, parent process' id (ppid) is 111901
[2024.02.10-23.36.42:434][  0]LogInit:  - we are not running under debugger
[2024.02.10-23.36.43:254][  0]LogInit:  - machine network name is 'vm-21068fbb-1b.novalocal'
[2024.02.10-23.36.44:128][  0]LogInit:  - user name is 'steam' (steam)
[2024.02.10-23.36.44:800][  0]LogInit:  - we're logged in locally
[2024.02.10-23.36.45:851][  0]LogInit:  - we're running with rendering
[2024.02.10-23.36.46:411][  0]LogInit:  - CPU: GenuineIntel 'Intel Xeon Processor (Icelake)' (signature: 0x80660)
[2024.02.10-23.36.47:592][  0]LogInit:  - Number of physical cores available for the process: 6
[2024.02.10-23.36.48:954][  0]LogInit:  - Number of logical cores available for the process: 6
[2024.02.10-23.36.50:293][  0]LogInit:  - Cache line size: 64
[2024.02.10-23.36.51:198][  0]LogInit:  - GPU Brand Info: UnknownVendor PCI-id: 1234-1111 (1af4-1100)
[2024.02.10-23.36.51:554][  0]LogInit:  - Memory allocator used: Mimalloc
[2024.02.10-23.36.51:578][  0]LogInit:  - This binary is optimized with LTO: no, PGO: no, instrumented for PGO data collection: no
[2024.02.10-23.36.51:578][  0]LogInit:  - This is an internal build.
[2024.02.10-23.36.51:578][  0]LogCore: Skipped benchmarking clocks because the engine is running in a standalone program mode - CLOCK_MONOTONIC will be used.
[2024.02.10-23.36.51:578][  0]LogInit: Unix-specific commandline switches:
[2024.02.10-23.36.51:578][  0]LogInit:  -ansimalloc - use malloc()/free() from libc (useful for tools like valgrind and electric fence)
[2024.02.10-23.36.51:578][  0]LogInit:  -jemalloc - use jemalloc for all memory allocation
[2024.02.10-23.36.51:578][  0]LogInit:  -binnedmalloc - use binned malloc  for all memory allocation
[2024.02.10-23.36.51:578][  0]LogInit:  -filemapcachesize=NUMBER - set the size for case-sensitive file mapping cache
[2024.02.10-23.36.51:578][  0]LogInit:  -useksm - uses kernel same-page mapping (KSM) for mapped memory (OFF)
[2024.02.10-23.36.51:578][  0]LogInit:  -ksmmergeall - marks all mmap'd memory pages suitable for KSM (OFF)
[2024.02.10-23.36.51:578][  0]LogInit:  -preloadmodulesymbols - Loads the main module symbols file into memory (OFF)
[2024.02.10-23.36.51:578][  0]LogInit:  -sigdfl=SIGNAL - Allows a specific signal to be set to its default handler rather then ignoring the signal
[2024.02.10-23.36.51:578][  0]LogInit:  -crashhandlerstacksize - Allows setting crash handler stack sizes (204800)
[2024.02.10-23.36.51:578][  0]LogInit:  -noexclusivelockonwrite - disables marking files created by the engine as exclusive locked while the engine has them opened
[2024.02.10-23.36.51:578][  0]LogInit:  -httpproxy=ADDRESS:PORT - redirects HTTP requests to a proxy (only supported if compiled with libcurl)
[2024.02.10-23.36.51:578][  0]LogInit:  -reuseconn - allow libcurl to reuse HTTP connections (only matters if compiled with libcurl)
[2024.02.10-23.36.51:578][  0]LogInit:  -virtmemkb=NUMBER - sets process virtual memory (address space) limit (overrides VirtualMemoryLimitInKB value from .ini)
[2024.02.10-23.36.51:578][  0]LogInit:  - Physical RAM available (not considering process quota): 8 GB (7670 MB, 7855072 KB, 8043593728 bytes)
[2024.02.10-23.36.51:578][  0]LogInit:  - VirtualMemoryAllocator pools will grow at scale 1.4
[2024.02.10-23.36.51:578][  0]LogInit:  - MemoryRangeDecommit() will be a no-op (re-run with -vmapoolevict to change)
[2024.02.10-23.36.51:578][  0]LogInit:  - PageSize 4096
[2024.02.10-23.36.51:578][  0]LogInit:  - BinnedPageSize 65536
[2024.02.11-00.00.57:577][  0]LogUObjectArray: 418 objects as part of root set at end of initial load.
[2024.02.11-00.00.58:261][  0]LogUObjectAllocator: 88920 out of 0 bytes used by permanent object pool.
[2024.02.11-00.00.58:700][  0]LogUObjectArray: CloseDisregardForGC: 0/0 objects in disregard for GC pool
[2024.02.11-00.00.59:342][  0]LogPaths: Warning: No paths for game localization data were specifed in the game configuration.
[2024.02.11-00.00.59:458][  0]LogInit: Using OS detected language (en-US).
[2024.02.11-00.00.59:492][  0]LogInit: Using OS detected locale (en-US).
[2024.02.11-00.00.59:492][  0]LogInit: Warning: No paths for engine localization data were specifed in the engine configuration.
[2024.02.11-00.00.59:492][  0]LogTextLocalizationManager: No localization for 'en-US' exists, so 'en' will be used for the language.
[2024.02.11-00.00.59:492][  0]LogTextLocalizationManager: No localization for 'en-US' exists, so 'en' will be used for the locale.
[2024.02.11-00.01.01:675][  0]LogInit: Using OS detected language (en-US).
[2024.02.11-00.01.01:909][  0]LogInit: Using OS detected locale (en-US).
[2024.02.11-00.01.01:961][  0]LogTextLocalizationManager: No localization for 'en-US' exists, so 'en' will be used for the language.
[2024.02.11-00.01.01:969][  0]LogTextLocalizationManager: No localization for 'en-US' exists, so 'en' will be used for the locale.
[2024.02.11-00.01.08:423][  0]LogPackageLocalizationCache: Processed 2 localized package path(s) for 1 prioritized culture(s) in 5.117387 seconds
[2024.02.11-00.01.11:808][  0]CrashReportCoreLog: CrashReportClientVersion=1.0
[2024.02.11-00.01.12:593][  0]CrashReportCoreLog: CrashReportReceiver disabled
[2024.02.11-00.01.13:671][  0]CrashReportCoreLog: DataRouterUrl: https://o1291919.ingest.sentry.io/api/6513339/unreal/4a1a3921f51f4975b4cf8dd19022cb20/
[2024.02.11-00.02.35:082][  0]LogCore: Engine exit requested (reason: CrashReportClientApp RequestExit; note: exit was already requested)
[2024.02.11-00.02.36:352][  0]LogExit: Preparing to exit.
[2024.02.11-00.03.52:904][  0]LogExit: Object subsystem successfully closed.
[2024.02.11-00.04.03:885][  0]LogModuleManager: Shutting down and abandoning module CoreUObject (6)
[2024.02.11-00.04.04:804][  0]LogModuleManager: Shutting down and abandoning module PakFile (4)
[2024.02.11-00.04.07:297][  0]LogModuleManager: Shutting down and abandoning module RSA (3)
[2024.02.11-00.04.18:912][  0]LogExit: Exiting.
[2024.02.11-00.04.19:668][  0]LogCore: FUnixPlatformMisc::RequestExit(bForce=false, ReturnCode=143)
[2024.02.11-00.04.31:827][  0]Log file closed, 02/11/24 09:04:31
