Log file open, 03/26/24 05:38:47
LogPakFile: Display: Found Pak file ../../../Engine/Programs/CrashReportClient/Content/Paks/CrashReportClient.pak attempting to mount.
LogPakFile: Display: Mounting pak file ../../../Engine/Programs/CrashReportClient/Content/Paks/CrashReportClient.pak.
LogPakFile: Display: Mounted Pak file '../../../Engine/Programs/CrashReportClient/Content/Paks/CrashReportClient.pak', mount point: '../../../Engine/'
LogICUInternationalization: ICU TimeZone Detection - Raw Offset: +9:00, Platform Override: ''
LogInit: Build: ++UE5+Release-5.1-CL-0
LogInit: Engine Version: 5.1.1-0+++UE5+Release-5.1
LogInit: Compatible Engine Version: 5.1.0-0+++UE5+Release-5.1
LogInit: Net CL: 0
LogInit: OS: CentOS Stream 9 (5.14.0-412.el9.x86_64), CPU: Intel Xeon Processor (Icelake), GPU: UnknownVendor PCI-id: 1234-1111 (1af4-1100)
LogInit: Compiled (64-bit): Feb 12 2024 05:48:59
LogInit: Compiled with Clang: 13.0.1 (https://github.com/llvm/llvm-project 75e33f71c2dae584b13a7d1186ae0a038ba98838)
LogInit: Build Configuration: Shipping
LogInit: Branch Name: ++UE5+Release-5.1
LogInit: Command Line:  -Abslog="/home/steam/Steam/steamapps/common/PalServer/Pal/Saved/Logs/Pal-CRC.log" -Unattended -ImplicitSend "/home/steam/Steam/steamapps/common/PalServer/Pal/Saved/Crashes/crashinfo-Pal-pid-32862-17C794C779E64380BB303BA4C992741D/" -unattended
LogInit: Base Directory: /home/steam/Steam/steamapps/common/PalServer/Engine/Binaries/Linux/
LogInit: Allocator: Mimalloc
LogInit: Installed Engine Build: 1
LogInit: Presizing for max 100000 objects, including 0 objects not considered by GC, pre-allocating 0 bytes for permanent pool.
LogInit: Object subsystem initialized
LogConfig: Applying CVar settings from Section [ConsoleVariables] File [Engine]
[2024.03.25-20.48.38:541][  0]LogInit: Unix hardware info:
[2024.03.25-20.48.40:949][  0]LogInit:  - we are the first instance of this executable
[2024.03.25-20.48.42:848][  0]LogInit:  - this process' id (pid) is 34714, parent process' id (ppid) is 32862
[2024.03.25-20.48.43:647][  0]LogInit:  - we are not running under debugger
[2024.03.25-20.48.47:480][  0]LogInit:  - machine network name is 'vm-21068fbb-1b.novalocal'
[2024.03.25-20.48.48:084][  0]LogInit:  - user name is 'steam' (steam)
[2024.03.25-20.48.49:485][  0]LogInit:  - we're logged in locally
[2024.03.25-20.48.51:383][  0]LogInit:  - we're running with rendering
[2024.03.25-20.48.51:798][  0]LogInit:  - CPU: GenuineIntel 'Intel Xeon Processor (Icelake)' (signature: 0x80660)
[2024.03.25-20.48.51:801][  0]LogInit:  - Number of physical cores available for the process: 6
[2024.03.25-20.48.51:801][  0]LogInit:  - Number of logical cores available for the process: 6
[2024.03.25-20.48.51:801][  0]LogInit:  - Cache line size: 64
[2024.03.25-20.48.51:810][  0]LogInit:  - GPU Brand Info: UnknownVendor PCI-id: 1234-1111 (1af4-1100)
[2024.03.25-20.48.52:851][  0]LogInit:  - Memory allocator used: Mimalloc
[2024.03.25-20.48.56:716][  0]LogInit:  - This binary is optimized with LTO: no, PGO: no, instrumented for PGO data collection: no
[2024.03.25-20.49.01:437][  0]LogInit:  - This is an internal build.
[2024.03.25-20.49.04:229][  0]LogCore: Skipped benchmarking clocks because the engine is running in a standalone program mode - CLOCK_MONOTONIC will be used.
[2024.03.25-20.49.05:861][  0]LogInit: Unix-specific commandline switches:
[2024.03.25-20.49.09:263][  0]LogInit:  -ansimalloc - use malloc()/free() from libc (useful for tools like valgrind and electric fence)
[2024.03.25-20.49.09:506][  0]LogInit:  -jemalloc - use jemalloc for all memory allocation
[2024.03.25-20.49.11:905][  0]LogInit:  -binnedmalloc - use binned malloc  for all memory allocation
[2024.03.25-20.49.17:322][  0]LogInit:  -filemapcachesize=NUMBER - set the size for case-sensitive file mapping cache
[2024.03.25-20.49.20:252][  0]LogInit:  -useksm - uses kernel same-page mapping (KSM) for mapped memory (OFF)
[2024.03.25-20.49.21:203][  0]LogInit:  -ksmmergeall - marks all mmap'd memory pages suitable for KSM (OFF)
[2024.03.25-20.49.21:500][  0]LogInit:  -preloadmodulesymbols - Loads the main module symbols file into memory (OFF)
[2024.03.25-20.49.24:747][  0]LogInit:  -sigdfl=SIGNAL - Allows a specific signal to be set to its default handler rather then ignoring the signal
[2024.03.25-20.49.27:373][  0]LogInit:  -crashhandlerstacksize - Allows setting crash handler stack sizes (204800)
[2024.03.25-20.49.32:306][  0]LogInit:  -noexclusivelockonwrite - disables marking files created by the engine as exclusive locked while the engine has them opened
[2024.03.25-20.49.37:122][  0]LogInit:  -httpproxy=ADDRESS:PORT - redirects HTTP requests to a proxy (only supported if compiled with libcurl)
[2024.03.25-20.49.42:628][  0]LogInit:  -reuseconn - allow libcurl to reuse HTTP connections (only matters if compiled with libcurl)
[2024.03.25-20.49.50:975][  0]LogInit:  -virtmemkb=NUMBER - sets process virtual memory (address space) limit (overrides VirtualMemoryLimitInKB value from .ini)
[2024.03.25-20.49.54:789][  0]LogInit:  - Physical RAM available (not considering process quota): 8 GB (7682 MB, 7867068 KB, 8055877632 bytes)
[2024.03.25-20.49.58:813][  0]LogInit:  - VirtualMemoryAllocator pools will grow at scale 1.4
[2024.03.25-20.50.05:754][  0]LogInit:  - MemoryRangeDecommit() will be a no-op (re-run with -vmapoolevict to change)
[2024.03.25-20.50.11:450][  0]LogInit:  - PageSize 4096
[2024.03.25-20.50.17:913][  0]LogInit:  - BinnedPageSize 65536
[2024.03.25-21.28.04:368][  0]CrashReportCoreLog: CrashReportClientVersion=1.0
[2024.03.25-21.28.06:748][  0]CrashReportCoreLog: CrashReportReceiver disabled
[2024.03.25-21.28.10:119][  0]CrashReportCoreLog: DataRouterUrl: https://o1291919.ingest.sentry.io/api/6513339/unreal/4a1a3921f51f4975b4cf8dd19022cb20/
[2024.03.25-21.29.00:823][  0]LogCore: Engine exit requested (reason: CrashReportClientApp RequestExit; note: exit was already requested)
[2024.03.25-21.29.03:553][  0]LogExit: Preparing to exit.
[2024.03.25-21.29.09:391][  0]LogUObjectArray: CloseDisregardForGC: 0/0 objects in disregard for GC pool
[2024.03.25-21.29.54:384][  0]LogExit: Object subsystem successfully closed.
[2024.03.25-21.30.03:318][  0]LogModuleManager: Shutting down and abandoning module CoreUObject (6)
[2024.03.25-21.30.07:735][  0]LogModuleManager: Shutting down and abandoning module PakFile (4)
[2024.03.25-21.30.08:548][  0]LogModuleManager: Shutting down and abandoning module RSA (3)
[2024.03.25-21.30.12:194][  0]LogExit: Exiting.
[2024.03.25-21.30.12:941][  0]LogCore: FUnixPlatformMisc::RequestExit(bForce=false, ReturnCode=143)
[2024.03.25-21.30.18:744][  0]Log file closed, 03/26/24 06:30:18
