Log file open, 03/26/24 04:26:10
LogPakFile: Display: Found Pak file ../../../Engine/Programs/CrashReportClient/Content/Paks/CrashReportClient.pak attempting to mount.
LogPakFile: Display: Mounting pak file ../../../Engine/Programs/CrashReportClient/Content/Paks/CrashReportClient.pak.
LogPakFile: Display: Mounted Pak file '../../../Engine/Programs/CrashReportClient/Content/Paks/CrashReportClient.pak', mount point: '../../../Engine/'
LogICUInternationalization: ICU TimeZone Detection - Raw Offset: +9:00, Platform Override: ''
LogInit: Build: ++UE5+Release-5.1-CL-0
LogInit: Engine Version: 5.1.1-0+++UE5+Release-5.1
LogInit: Compatible Engine Version: 5.1.0-0+++UE5+Release-5.1
LogInit: Net CL: 0
LogInit: OS: CentOS Stream 9 (5.14.0-412.el9.x86_64), CPU: Intel Xeon Processor (Icelake), GPU: UnknownVendor PCI-id: 1234-1111 (1af4-1100)
LogInit: Compiled (64-bit): Feb 12 2024 05:48:59
LogInit: Compiled with Clang: 13.0.1 (https://github.com/llvm/llvm-project 75e33f71c2dae584b13a7d1186ae0a038ba98838)
LogInit: Build Configuration: Shipping
LogInit: Branch Name: ++UE5+Release-5.1
LogInit: Command Line:  -Abslog="/home/steam/Steam/steamapps/common/PalServer/Pal/Saved/Logs/Pal-CRC.log" -Unattended -ImplicitSend "/home/steam/Steam/steamapps/common/PalServer/Pal/Saved/Crashes/crashinfo-Pal-pid-32862-E1322B99CFCC4934B40584D7467F9D5B/" -unattended
LogInit: Base Directory: /home/steam/Steam/steamapps/common/PalServer/Engine/Binaries/Linux/
LogInit: Allocator: Mimalloc
LogInit: Installed Engine Build: 1
LogInit: Presizing for max 100000 objects, including 0 objects not considered by GC, pre-allocating 0 bytes for permanent pool.
LogInit: Object subsystem initialized
LogConfig: Applying CVar settings from Section [ConsoleVariables] File [Engine]
[2024.03.25-19.26.14:687][  0]LogInit: Unix hardware info:
[2024.03.25-19.26.14:726][  0]LogInit:  - we are the first instance of this executable
[2024.03.25-19.26.14:820][  0]LogInit:  - this process' id (pid) is 34616, parent process' id (ppid) is 32862
[2024.03.25-19.26.14:869][  0]LogInit:  - we are not running under debugger
[2024.03.25-19.26.14:949][  0]LogInit:  - machine network name is 'vm-21068fbb-1b.novalocal'
[2024.03.25-19.26.15:217][  0]LogInit:  - user name is 'steam' (steam)
[2024.03.25-19.26.15:264][  0]LogInit:  - we're logged in locally
[2024.03.25-19.26.15:264][  0]LogInit:  - we're running with rendering
[2024.03.25-19.26.15:301][  0]LogInit:  - CPU: GenuineIntel 'Intel Xeon Processor (Icelake)' (signature: 0x80660)
[2024.03.25-19.26.15:427][  0]LogInit:  - Number of physical cores available for the process: 6
[2024.03.25-19.26.15:427][  0]LogInit:  - Number of logical cores available for the process: 6
[2024.03.25-19.26.15:427][  0]LogInit:  - Cache line size: 64
[2024.03.25-19.26.15:427][  0]LogInit:  - GPU Brand Info: UnknownVendor PCI-id: 1234-1111 (1af4-1100)
[2024.03.25-19.26.15:427][  0]LogInit:  - Memory allocator used: Mimalloc
[2024.03.25-19.26.15:427][  0]LogInit:  - This binary is optimized with LTO: no, PGO: no, instrumented for PGO data collection: no
[2024.03.25-19.26.15:427][  0]LogInit:  - This is an internal build.
[2024.03.25-19.26.15:427][  0]LogCore: Skipped benchmarking clocks because the engine is running in a standalone program mode - CLOCK_MONOTONIC will be used.
[2024.03.25-19.26.15:427][  0]LogInit: Unix-specific commandline switches:
[2024.03.25-19.26.15:427][  0]LogInit:  -ansimalloc - use malloc()/free() from libc (useful for tools like valgrind and electric fence)
[2024.03.25-19.26.15:427][  0]LogInit:  -jemalloc - use jemalloc for all memory allocation
[2024.03.25-19.26.15:427][  0]LogInit:  -binnedmalloc - use binned malloc  for all memory allocation
[2024.03.25-19.26.15:427][  0]LogInit:  -filemapcachesize=NUMBER - set the size for case-sensitive file mapping cache
[2024.03.25-19.26.15:427][  0]LogInit:  -useksm - uses kernel same-page mapping (KSM) for mapped memory (OFF)
[2024.03.25-19.26.15:427][  0]LogInit:  -ksmmergeall - marks all mmap'd memory pages suitable for KSM (OFF)
[2024.03.25-19.26.15:427][  0]LogInit:  -preloadmodulesymbols - Loads the main module symbols file into memory (OFF)
[2024.03.25-19.26.15:428][  0]LogInit:  -sigdfl=SIGNAL - Allows a specific signal to be set to its default handler rather then ignoring the signal
[2024.03.25-19.26.15:428][  0]LogInit:  -crashhandlerstacksize - Allows setting crash handler stack sizes (204800)
[2024.03.25-19.26.15:428][  0]LogInit:  -noexclusivelockonwrite - disables marking files created by the engine as exclusive locked while the engine has them opened
[2024.03.25-19.26.15:428][  0]LogInit:  -httpproxy=ADDRESS:PORT - redirects HTTP requests to a proxy (only supported if compiled with libcurl)
[2024.03.25-19.26.15:428][  0]LogInit:  -reuseconn - allow libcurl to reuse HTTP connections (only matters if compiled with libcurl)
[2024.03.25-19.26.15:428][  0]LogInit:  -virtmemkb=NUMBER - sets process virtual memory (address space) limit (overrides VirtualMemoryLimitInKB value from .ini)
[2024.03.25-19.26.15:444][  0]LogInit:  - Physical RAM available (not considering process quota): 8 GB (7682 MB, 7867068 KB, 8055877632 bytes)
[2024.03.25-19.26.15:444][  0]LogInit:  - VirtualMemoryAllocator pools will grow at scale 1.4
[2024.03.25-19.26.15:444][  0]LogInit:  - MemoryRangeDecommit() will be a no-op (re-run with -vmapoolevict to change)
[2024.03.25-19.26.15:444][  0]LogInit:  - PageSize 4096
[2024.03.25-19.26.15:444][  0]LogInit:  - BinnedPageSize 65536
[2024.03.25-19.26.38:362][  0]LogUObjectArray: 419 objects as part of root set at end of initial load.
[2024.03.25-19.26.38:371][  0]LogUObjectAllocator: 89064 out of 0 bytes used by permanent object pool.
[2024.03.25-19.26.38:372][  0]LogUObjectArray: CloseDisregardForGC: 0/0 objects in disregard for GC pool
[2024.03.25-19.26.38:850][  0]LogPaths: Warning: No paths for game localization data were specifed in the game configuration.
[2024.03.25-19.26.38:876][  0]LogInit: Using OS detected language (en-US).
[2024.03.25-19.26.38:876][  0]LogInit: Using OS detected locale (en-US).
[2024.03.25-19.26.38:913][  0]LogInit: Warning: No paths for engine localization data were specifed in the engine configuration.
[2024.03.25-19.26.39:267][  0]LogTextLocalizationManager: No localization for 'en-US' exists, so 'en' will be used for the language.
[2024.03.25-19.26.39:435][  0]LogTextLocalizationManager: No localization for 'en-US' exists, so 'en' will be used for the locale.
[2024.03.25-19.26.41:395][  0]LogInit: Using OS detected language (en-US).
[2024.03.25-19.26.41:633][  0]LogInit: Using OS detected locale (en-US).
[2024.03.25-19.26.41:652][  0]LogTextLocalizationManager: No localization for 'en-US' exists, so 'en' will be used for the language.
[2024.03.25-19.26.41:652][  0]LogTextLocalizationManager: No localization for 'en-US' exists, so 'en' will be used for the locale.
[2024.03.25-19.26.43:187][  0]LogPackageLocalizationCache: Processed 2 localized package path(s) for 1 prioritized culture(s) in 0.851362 seconds
[2024.03.25-19.26.43:684][  0]CrashReportCoreLog: CrashReportClientVersion=1.0
[2024.03.25-19.26.43:701][  0]CrashReportCoreLog: CrashReportReceiver disabled
[2024.03.25-19.26.43:701][  0]CrashReportCoreLog: DataRouterUrl: https://o1291919.ingest.sentry.io/api/6513339/unreal/4a1a3921f51f4975b4cf8dd19022cb20/
[2024.03.25-19.26.45:908][  0]CrashReportCoreLog: Initial state = Unknown UploadState value
[2024.03.25-19.26.46:694][  0]CrashReportCoreLog: Initial state = Unknown UploadState value
[2024.03.25-19.26.47:710][  0]LogCrashDebugHelper: DepotName: //UE5/Release-5.1
[2024.03.25-19.26.47:712][  0]LogCrashDebugHelper: BuiltFromCL: 0
[2024.03.25-19.26.47:712][  0]LogCrashDebugHelper: EngineVersion: 5.1.1-0+++UE5+Release-5.1
[2024.03.25-19.26.47:712][  0]LogCrashDebugHelper: BuildVersion: ++UE5+Release-5.1-CL-0
[2024.03.25-19.26.49:913][  0]CrashReportCoreLog: Got 3 pending files to upload from 'crashinfo-Pal-pid-32862-E1322B99CFCC4934B40584D7467F9D5B'
[2024.03.25-19.26.50:356][  0]CrashReportCoreLog: State change from Ready to SendingFiles
[2024.03.25-19.26.50:373][  0]CrashReportCoreLog: CompressAndSendData have 3 pending files
[2024.03.25-19.26.50:375][  0]CrashReportCoreLog: CompressAndSendData compressing 152 bytes ('/home/steam/Steam/steamapps/common/PalServer/Pal/Saved/Crashes/crashinfo-Pal-pid-32862-E1322B99CFCC4934B40584D7467F9D5B/CrashReportClient.ini')
[2024.03.25-19.26.50:383][  0]CrashReportCoreLog: CompressAndSendData compressing 5971 bytes ('/home/steam/Steam/steamapps/common/PalServer/Pal/Saved/Crashes/crashinfo-Pal-pid-32862-E1322B99CFCC4934B40584D7467F9D5B/CrashContext.runtime-xml')
[2024.03.25-19.26.50:384][  0]CrashReportCoreLog: CompressAndSendData compressing 348 bytes ('/home/steam/Steam/steamapps/common/PalServer/Pal/Saved/Crashes/crashinfo-Pal-pid-32862-E1322B99CFCC4934B40584D7467F9D5B/Diagnostics.txt')
[2024.03.25-19.26.58:510][  0]LogInit: Using libcurl 7.83.1
[2024.03.25-19.26.58:539][  0]LogInit:  - built for Linux
[2024.03.25-19.26.58:540][  0]LogInit:  - supports SSL with OpenSSL/1.1.1n
[2024.03.25-19.26.58:540][  0]LogInit:  - supports HTTP deflate (compression) using libz 1.2.12
[2024.03.25-19.26.58:540][  0]LogInit:  - other features:
[2024.03.25-19.26.58:540][  0]LogInit:      CURL_VERSION_SSL
[2024.03.25-19.26.58:540][  0]LogInit:      CURL_VERSION_LIBZ
[2024.03.25-19.26.58:540][  0]LogInit:      CURL_VERSION_IPV6
[2024.03.25-19.26.58:540][  0]LogInit:      CURL_VERSION_ASYNCHDNS
[2024.03.25-19.26.58:540][  0]LogInit:      CURL_VERSION_LARGEFILE
[2024.03.25-19.27.00:754][  0]LogInit:  CurlRequestOptions (configurable via config and command line):
[2024.03.25-19.27.00:801][  0]LogInit:  - bVerifyPeer = false  - Libcurl will NOT verify peer certificate
[2024.03.25-19.27.01:145][  0]LogInit:  - bUseHttpProxy = false  - Libcurl will NOT use HTTP proxy
[2024.03.25-19.27.01:149][  0]LogInit:  - bDontReuseConnections = false  - Libcurl will reuse connections
[2024.03.25-19.27.01:149][  0]LogInit:  - MaxHostConnections = 16  - Libcurl will limit the number of connections to a host
[2024.03.25-19.27.01:149][  0]LogInit:  - LocalHostAddr = Default
[2024.03.25-19.27.01:149][  0]LogInit:  - BufferSize = 65536
[2024.03.25-19.27.01:822][  0]CrashReportCoreLog: Sending HTTP request: https://o1291919.ingest.sentry.io/api/6513339/unreal/4a1a3921f51f4975b4cf8dd19022cb20/?AppID=CrashReporter&AppVersion=5.1.1-0%2B%2B%2BUE5%2BRelease-5.1&AppEnvironment=Release&UploadType=crashreports&UserID=90795fef71cd4c0a9c20ccef52321f42-000003e8%7C%7C90795fef71cd4c0a9c20ccef52321f42
[2024.03.25-19.28.29:261][  0]LogHttp: Warning: 0xabfaa7e6400: invalid HTTP response code received. URL: https://o1291919.ingest.sentry.io/api/6513339/unreal/4a1a3921f51f4975b4cf8dd19022cb20/?AppID=CrashReporter&AppVersion=5.1.1-0%2B%2B%2BUE5%2BRelease-5.1&AppEnvironment=Release&UploadType=crashreports&UserID=90795fef71cd4c0a9c20ccef52321f42-000003e8%7C%7C90795fef71cd4c0a9c20ccef52321f42, HTTP code: 0, content length: 0, actual payload size: 0
[2024.03.25-19.28.32:169][  0]LogHttp: Warning: 0xabfaa7e6400: request failed, libcurl error: 55 (Failed sending data to the peer)
[2024.03.25-19.28.32:365][  0]LogHttp: Warning: 0xabfaa7e6400: libcurl info message cache 0 (  Trying 34.120.195.249:443...)
[2024.03.25-19.28.32:374][  0]LogHttp: Warning: 0xabfaa7e6400: libcurl info message cache 1 (Connected to o1291919.ingest.sentry.io (34.120.195.249) port 443 (#0))
[2024.03.25-19.28.32:374][  0]LogHttp: Warning: 0xabfaa7e6400: libcurl info message cache 2 (ALPN: offers http/1.1)
[2024.03.25-19.28.32:374][  0]LogHttp: Warning: 0xabfaa7e6400: libcurl info message cache 3 (TLSv1.3 (OUT), TLS handshake, Client hello (1):)
[2024.03.25-19.28.32:374][  0]LogHttp: Warning: 0xabfaa7e6400: libcurl info message cache 4 (TLSv1.3 (IN), TLS handshake, Server hello (2):)
[2024.03.25-19.28.32:374][  0]LogHttp: Warning: 0xabfaa7e6400: libcurl info message cache 5 (TLSv1.3 (IN), TLS handshake, Encrypted Extensions (8):)
[2024.03.25-19.28.32:374][  0]LogHttp: Warning: 0xabfaa7e6400: libcurl info message cache 6 (TLSv1.3 (IN), TLS handshake, Certificate (11):)
[2024.03.25-19.28.32:374][  0]LogHttp: Warning: 0xabfaa7e6400: libcurl info message cache 7 (TLSv1.3 (IN), TLS handshake, CERT verify (15):)
[2024.03.25-19.28.32:374][  0]LogHttp: Warning: 0xabfaa7e6400: libcurl info message cache 8 (TLSv1.3 (IN), TLS handshake, Finished (20):)
[2024.03.25-19.28.32:374][  0]LogHttp: Warning: 0xabfaa7e6400: libcurl info message cache 9 (TLSv1.3 (OUT), TLS change cipher, Change cipher spec (1):)
[2024.03.25-19.28.32:374][  0]LogHttp: Warning: 0xabfaa7e6400: libcurl info message cache 10 (TLSv1.3 (OUT), TLS handshake, Finished (20):)
[2024.03.25-19.28.32:374][  0]LogHttp: Warning: 0xabfaa7e6400: libcurl info message cache 11 (SSL connection using TLSv1.3 / TLS_AES_256_GCM_SHA384)
[2024.03.25-19.28.32:374][  0]LogHttp: Warning: 0xabfaa7e6400: libcurl info message cache 12 (ALPN: server accepted http/1.1)
[2024.03.25-19.28.32:374][  0]LogHttp: Warning: 0xabfaa7e6400: libcurl info message cache 13 (Server certificate:)
[2024.03.25-19.28.32:374][  0]LogHttp: Warning: 0xabfaa7e6400: libcurl info message cache 14 ( subject: C=US; ST=California; L=San Francisco; O=Sentry; CN=ingest.sentry.io)
[2024.03.25-19.28.32:374][  0]LogHttp: Warning: 0xabfaa7e6400: libcurl info message cache 15 ( start date: Nov  2 00:00:00 2023 GMT)
[2024.03.25-19.28.32:374][  0]LogHttp: Warning: 0xabfaa7e6400: libcurl info message cache 16 ( expire date: Dec  2 23:59:59 2024 GMT)
[2024.03.25-19.28.32:374][  0]LogHttp: Warning: 0xabfaa7e6400: libcurl info message cache 17 ( subjectAltName: host "o1291919.ingest.sentry.io" matched cert's "*.ingest.sentry.io")
[2024.03.25-19.28.32:374][  0]LogHttp: Warning: 0xabfaa7e6400: libcurl info message cache 18 ( issuer: C=US; O=DigiCert Inc; CN=DigiCert Global G2 TLS RSA SHA256 2020 CA1)
[2024.03.25-19.28.32:374][  0]LogHttp: Warning: 0xabfaa7e6400: libcurl info message cache 19 ( SSL certificate verify ok.)
[2024.03.25-19.28.32:374][  0]LogHttp: Warning: 0xabfaa7e6400: libcurl info message cache 20 (OpenSSL SSL_write: Broken pipe, errno 32)
[2024.03.25-19.28.32:374][  0]LogHttp: Warning: 0xabfaa7e6400: libcurl info message cache 21 (Failed sending HTTP POST request)
[2024.03.25-19.28.32:374][  0]LogHttp: Warning: 0xabfaa7e6400: libcurl info message cache 22 (Connection #0 to host o1291919.ingest.sentry.io left intact)
[2024.03.25-19.28.32:439][  0]CrashReportCoreLog: OnProcessRequestComplete(), State=SendingFiles bSucceeded=0
[2024.03.25-19.28.33:811][  0]CrashReportCoreLog: Warning: File upload failed to data router
[2024.03.25-19.28.35:226][  0]CrashReportCoreLog: State change from SendingFiles to Cancelled
[2024.03.25-19.28.46:413][  0]CrashReportCoreLog: Final state (Receiver) = Cancelled
[2024.03.25-19.28.48:332][  0]CrashReportCoreLog: Final state (Receiver) = Unknown UploadState value
[2024.03.25-19.28.54:017][  0]LogCore: Engine exit requested (reason: CrashReportClientApp RequestExit)
[2024.03.25-19.28.58:567][  0]LogExit: Preparing to exit.
[2024.03.25-19.29.28:802][  0]LogExit: Object subsystem successfully closed.
[2024.03.25-19.29.35:016][  0]LogModuleManager: Shutting down and abandoning module HTTP (12)
[2024.03.25-19.29.39:950][  0]LogModuleManager: Shutting down and abandoning module SSL (11)
[2024.03.25-19.29.40:301][  0]LogModuleManager: Shutting down and abandoning module CrashDebugHelper (8)
[2024.03.25-19.29.40:334][  0]LogModuleManager: Shutting down and abandoning module CoreUObject (6)
[2024.03.25-19.29.40:960][  0]LogModuleManager: Shutting down and abandoning module PakFile (4)
[2024.03.25-19.29.41:319][  0]LogModuleManager: Shutting down and abandoning module RSA (3)
[2024.03.25-19.29.44:345][  0]LogExit: Exiting.
[2024.03.25-19.29.46:401][  0]Log file closed, 03/26/24 04:29:46
