Log file open, 02/12/24 21:41:14
LogPakFile: Display: Found Pak file ../../../Engine/Programs/CrashReportClient/Content/Paks/CrashReportClient.pak attempting to mount.
LogPakFile: Display: Mounting pak file ../../../Engine/Programs/CrashReportClient/Content/Paks/CrashReportClient.pak.
LogPakFile: Display: Mounted Pak file '../../../Engine/Programs/CrashReportClient/Content/Paks/CrashReportClient.pak', mount point: '../../../Engine/'
LogICUInternationalization: ICU TimeZone Detection - Raw Offset: +9:00, Platform Override: ''
LogInit: Build: ++UE5+Release-5.1-CL-0
LogInit: Engine Version: 5.1.1-0+++UE5+Release-5.1
LogInit: Compatible Engine Version: 5.1.0-0+++UE5+Release-5.1
LogInit: Net CL: 0
LogInit: OS: CentOS Stream 9 (5.14.0-412.el9.x86_64), CPU: Intel Xeon Processor (Icelake), GPU: UnknownVendor PCI-id: 1234-1111 (1af4-1100)
LogInit: Compiled (64-bit): Dec 31 2023 20:12:22
LogInit: Compiled with Clang: 13.0.1 (https://github.com/llvm/llvm-project 75e33f71c2dae584b13a7d1186ae0a038ba98838)
LogInit: Build Configuration: Shipping
LogInit: Branch Name: ++UE5+Release-5.1
LogInit: Command Line:  -Abslog="/home/steam/Steam/steamapps/common/PalServer/Pal/Saved/Logs/Pal-CRC.log" -Unattended -ImplicitSend "/home/steam/Steam/steamapps/common/PalServer/Pal/Saved/Crashes/crashinfo-Pal-pid-1930-7AE2C15A466746FFB9F86032050B6F06/" -unattended
LogInit: Base Directory: /home/steam/Steam/steamapps/common/PalServer/Engine/Binaries/Linux/
LogInit: Allocator: Mimalloc
LogInit: Installed Engine Build: 1
LogInit: Presizing for max 100000 objects, including 0 objects not considered by GC, pre-allocating 0 bytes for permanent pool.
LogInit: Object subsystem initialized
[2024.02.12-12.41.14:932][  0]LogConfig: Applying CVar settings from Section [ConsoleVariables] File [Engine]
[2024.02.12-12.41.14:936][  0]LogInit: Unix hardware info:
[2024.02.12-12.41.14:936][  0]LogInit:  - we are the first instance of this executable
[2024.02.12-12.41.14:936][  0]LogInit:  - this process' id (pid) is 2043, parent process' id (ppid) is 1930
[2024.02.12-12.41.14:936][  0]LogInit:  - we are not running under debugger
[2024.02.12-12.41.14:936][  0]LogInit:  - machine network name is 'vm-21068fbb-1b.novalocal'
[2024.02.12-12.41.14:944][  0]LogInit:  - user name is 'steam' (steam)
[2024.02.12-12.41.14:944][  0]LogInit:  - we're logged in locally
[2024.02.12-12.41.14:944][  0]LogInit:  - we're running with rendering
[2024.02.12-12.41.14:944][  0]LogInit:  - CPU: GenuineIntel 'Intel Xeon Processor (Icelake)' (signature: 0x80660)
[2024.02.12-12.41.14:944][  0]LogInit:  - Number of physical cores available for the process: 6
[2024.02.12-12.41.14:944][  0]LogInit:  - Number of logical cores available for the process: 6
[2024.02.12-12.41.14:944][  0]LogInit:  - Cache line size: 64
[2024.02.12-12.41.14:944][  0]LogInit:  - GPU Brand Info: UnknownVendor PCI-id: 1234-1111 (1af4-1100)
[2024.02.12-12.41.14:944][  0]LogInit:  - Memory allocator used: Mimalloc
[2024.02.12-12.41.14:944][  0]LogInit:  - This binary is optimized with LTO: no, PGO: no, instrumented for PGO data collection: no
[2024.02.12-12.41.14:945][  0]LogInit:  - This is an internal build.
[2024.02.12-12.41.14:945][  0]LogCore: Skipped benchmarking clocks because the engine is running in a standalone program mode - CLOCK_MONOTONIC will be used.
[2024.02.12-12.41.14:945][  0]LogInit: Unix-specific commandline switches:
[2024.02.12-12.41.14:945][  0]LogInit:  -ansimalloc - use malloc()/free() from libc (useful for tools like valgrind and electric fence)
[2024.02.12-12.41.14:945][  0]LogInit:  -jemalloc - use jemalloc for all memory allocation
[2024.02.12-12.41.14:945][  0]LogInit:  -binnedmalloc - use binned malloc  for all memory allocation
[2024.02.12-12.41.14:945][  0]LogInit:  -filemapcachesize=NUMBER - set the size for case-sensitive file mapping cache
[2024.02.12-12.41.14:945][  0]LogInit:  -useksm - uses kernel same-page mapping (KSM) for mapped memory (OFF)
[2024.02.12-12.41.14:945][  0]LogInit:  -ksmmergeall - marks all mmap'd memory pages suitable for KSM (OFF)
[2024.02.12-12.41.14:945][  0]LogInit:  -preloadmodulesymbols - Loads the main module symbols file into memory (OFF)
[2024.02.12-12.41.14:945][  0]LogInit:  -sigdfl=SIGNAL - Allows a specific signal to be set to its default handler rather then ignoring the signal
[2024.02.12-12.41.14:945][  0]LogInit:  -crashhandlerstacksize - Allows setting crash handler stack sizes (204800)
[2024.02.12-12.41.14:945][  0]LogInit:  -noexclusivelockonwrite - disables marking files created by the engine as exclusive locked while the engine has them opened
[2024.02.12-12.41.14:945][  0]LogInit:  -httpproxy=ADDRESS:PORT - redirects HTTP requests to a proxy (only supported if compiled with libcurl)
[2024.02.12-12.41.14:945][  0]LogInit:  -reuseconn - allow libcurl to reuse HTTP connections (only matters if compiled with libcurl)
[2024.02.12-12.41.14:945][  0]LogInit:  -virtmemkb=NUMBER - sets process virtual memory (address space) limit (overrides VirtualMemoryLimitInKB value from .ini)
[2024.02.12-12.41.14:946][  0]LogInit:  - Physical RAM available (not considering process quota): 8 GB (7682 MB, 7867064 KB, 8055873536 bytes)
[2024.02.12-12.41.14:947][  0]LogInit:  - VirtualMemoryAllocator pools will grow at scale 1.4
[2024.02.12-12.41.14:947][  0]LogInit:  - MemoryRangeDecommit() will be a no-op (re-run with -vmapoolevict to change)
[2024.02.12-12.41.14:949][  0]LogInit:  - PageSize 4096
[2024.02.12-12.41.14:949][  0]LogInit:  - BinnedPageSize 65536
[2024.02.12-12.41.14:964][  0]LogUObjectArray: 419 objects as part of root set at end of initial load.
[2024.02.12-12.41.14:964][  0]LogUObjectAllocator: 89064 out of 0 bytes used by permanent object pool.
[2024.02.12-12.41.14:964][  0]LogUObjectArray: CloseDisregardForGC: 0/0 objects in disregard for GC pool
[2024.02.12-12.41.14:990][  0]LogPaths: Warning: No paths for game localization data were specifed in the game configuration.
[2024.02.12-12.41.14:995][  0]LogInit: Using OS detected language (en-US).
[2024.02.12-12.41.14:995][  0]LogInit: Using OS detected locale (en-US).
[2024.02.12-12.41.14:995][  0]LogInit: Warning: No paths for engine localization data were specifed in the engine configuration.
[2024.02.12-12.41.14:995][  0]LogTextLocalizationManager: No localization for 'en-US' exists, so 'en' will be used for the language.
[2024.02.12-12.41.14:995][  0]LogTextLocalizationManager: No localization for 'en-US' exists, so 'en' will be used for the locale.
[2024.02.12-12.41.14:999][  0]LogInit: Using OS detected language (en-US).
[2024.02.12-12.41.14:999][  0]LogInit: Using OS detected locale (en-US).
[2024.02.12-12.41.14:999][  0]LogTextLocalizationManager: No localization for 'en-US' exists, so 'en' will be used for the language.
[2024.02.12-12.41.14:999][  0]LogTextLocalizationManager: No localization for 'en-US' exists, so 'en' will be used for the locale.
[2024.02.12-12.41.15:018][  0]LogPackageLocalizationCache: Processed 2 localized package path(s) for 1 prioritized culture(s) in 0.006971 seconds
[2024.02.12-12.41.15:022][  0]CrashReportCoreLog: CrashReportClientVersion=1.0
[2024.02.12-12.41.15:022][  0]CrashReportCoreLog: CrashReportReceiver disabled
[2024.02.12-12.41.15:022][  0]CrashReportCoreLog: DataRouterUrl: https://o1291919.ingest.sentry.io/api/6513339/unreal/4a1a3921f51f4975b4cf8dd19022cb20/
[2024.02.12-12.41.15:038][  0]CrashReportCoreLog: Initial state = Unknown UploadState value
[2024.02.12-12.41.15:038][  0]CrashReportCoreLog: Initial state = Unknown UploadState value
[2024.02.12-12.41.15:040][  0]LogCrashDebugHelper: DepotName: //UE5/Release-5.1
[2024.02.12-12.41.15:040][  0]LogCrashDebugHelper: BuiltFromCL: 0
[2024.02.12-12.41.15:040][  0]LogCrashDebugHelper: EngineVersion: 5.1.1-0+++UE5+Release-5.1
[2024.02.12-12.41.15:040][  0]LogCrashDebugHelper: BuildVersion: ++UE5+Release-5.1-CL-0
[2024.02.12-12.41.16:043][  0]CrashReportCoreLog: Got 3 pending files to upload from 'crashinfo-Pal-pid-1930-7AE2C15A466746FFB9F86032050B6F06'
[2024.02.12-12.41.16:043][  0]CrashReportCoreLog: State change from Ready to SendingFiles
[2024.02.12-12.41.16:043][  0]CrashReportCoreLog: CompressAndSendData have 3 pending files
[2024.02.12-12.41.16:044][  0]CrashReportCoreLog: CompressAndSendData compressing 152 bytes ('/home/steam/Steam/steamapps/common/PalServer/Pal/Saved/Crashes/crashinfo-Pal-pid-1930-7AE2C15A466746FFB9F86032050B6F06/CrashReportClient.ini')
[2024.02.12-12.41.16:045][  0]CrashReportCoreLog: CompressAndSendData compressing 6706 bytes ('/home/steam/Steam/steamapps/common/PalServer/Pal/Saved/Crashes/crashinfo-Pal-pid-1930-7AE2C15A466746FFB9F86032050B6F06/CrashContext.runtime-xml')
[2024.02.12-12.41.16:045][  0]CrashReportCoreLog: CompressAndSendData compressing 348 bytes ('/home/steam/Steam/steamapps/common/PalServer/Pal/Saved/Crashes/crashinfo-Pal-pid-1930-7AE2C15A466746FFB9F86032050B6F06/Diagnostics.txt')
[2024.02.12-12.41.16:170][  0]LogInit: Using libcurl 7.83.1
[2024.02.12-12.41.16:174][  0]LogInit:  - built for Linux
[2024.02.12-12.41.16:174][  0]LogInit:  - supports SSL with OpenSSL/1.1.1n
[2024.02.12-12.41.16:174][  0]LogInit:  - supports HTTP deflate (compression) using libz 1.2.12
[2024.02.12-12.41.16:174][  0]LogInit:  - other features:
[2024.02.12-12.41.16:174][  0]LogInit:      CURL_VERSION_SSL
[2024.02.12-12.41.16:174][  0]LogInit:      CURL_VERSION_LIBZ
[2024.02.12-12.41.16:174][  0]LogInit:      CURL_VERSION_IPV6
[2024.02.12-12.41.16:174][  0]LogInit:      CURL_VERSION_ASYNCHDNS
[2024.02.12-12.41.16:174][  0]LogInit:      CURL_VERSION_LARGEFILE
[2024.02.12-12.41.16:174][  0]LogInit:  CurlRequestOptions (configurable via config and command line):
[2024.02.12-12.41.16:174][  0]LogInit:  - bVerifyPeer = false  - Libcurl will NOT verify peer certificate
[2024.02.12-12.41.16:174][  0]LogInit:  - bUseHttpProxy = false  - Libcurl will NOT use HTTP proxy
[2024.02.12-12.41.16:174][  0]LogInit:  - bDontReuseConnections = false  - Libcurl will reuse connections
[2024.02.12-12.41.16:174][  0]LogInit:  - MaxHostConnections = 16  - Libcurl will limit the number of connections to a host
[2024.02.12-12.41.16:174][  0]LogInit:  - LocalHostAddr = Default
[2024.02.12-12.41.16:174][  0]LogInit:  - BufferSize = 65536
[2024.02.12-12.41.16:188][  0]CrashReportCoreLog: Sending HTTP request: https://o1291919.ingest.sentry.io/api/6513339/unreal/4a1a3921f51f4975b4cf8dd19022cb20/?AppID=CrashReporter&AppVersion=5.1.1-0%2B%2B%2BUE5%2BRelease-5.1&AppEnvironment=Release&UploadType=crashreports&UserID=90795fef71cd4c0a9c20ccef52321f42-000003e8%7C%7C90795fef71cd4c0a9c20ccef52321f42
[2024.02.12-12.41.16:408][  0]CrashReportCoreLog: OnProcessRequestComplete(), State=SendingFiles bSucceeded=1
[2024.02.12-12.41.16:415][  0]CrashReportCoreLog: State change from SendingFiles to SendingFiles
[2024.02.12-12.41.16:415][  0]CrashReportCoreLog: All uploads done
[2024.02.12-12.41.16:415][  0]CrashReportCoreLog: State change from SendingFiles to Finished
[2024.02.12-12.41.17:074][  0]CrashReportCoreLog: Final state (Receiver) = Finished
[2024.02.12-12.41.17:074][  0]CrashReportCoreLog: Final state (Receiver) = Unknown UploadState value
[2024.02.12-12.41.17:074][  0]LogCore: Engine exit requested (reason: CrashReportClientApp RequestExit)
[2024.02.12-12.41.17:074][  0]LogExit: Preparing to exit.
[2024.02.12-12.41.17:082][  0]LogExit: Object subsystem successfully closed.
[2024.02.12-12.41.17:103][  0]LogModuleManager: Shutting down and abandoning module HTTP (12)
[2024.02.12-12.41.17:173][  0]LogModuleManager: Shutting down and abandoning module SSL (11)
[2024.02.12-12.41.17:178][  0]LogModuleManager: Shutting down and abandoning module CrashDebugHelper (8)
[2024.02.12-12.41.17:180][  0]LogModuleManager: Shutting down and abandoning module CoreUObject (6)
[2024.02.12-12.41.17:180][  0]LogModuleManager: Shutting down and abandoning module PakFile (4)
[2024.02.12-12.41.17:181][  0]LogModuleManager: Shutting down and abandoning module RSA (3)
[2024.02.12-12.41.17:193][  0]LogExit: Exiting.
[2024.02.12-12.41.17:202][  0]Log file closed, 02/12/24 21:41:17
